ytree
├── definitions
│   ├── YDefinition
│   └── YFunctionDefinition
├── expressions
│   ├── accesses
│   │   ├── YIndexerExpression
│   │   ├── YInvocationExpression
│   │   └── YMemberAccessExpression
│   ├── assignments
│   │   └── YAssignmentExpression
│   ├── atomics
│   │   ├── YAtomBase
│   │   ├── YAtom
│   │   ├── YConstant
│   │   ├── YLabeledVariableRef
│   │   ├── YParameter
│   │   ├── YParameterListBuilder
│   │   └── YVariableRef
│   ├── operations
│   │   ├── YBinaryExpression
│   │   ├── YBinaryOperator
│   │   ├── YPointerUnaryExpression
│   │   ├── YUnaryExpression
│   │   └── YUnaryOperator
│   ├── ternary
│   │   └── YTernaryExpression
│   ├── YEmptyExpression
│   ├── YExpression
│   ├── YMultiExpression
│   └── YOperator
├── litmus
│   ├── YPostludeStatement
│   ├── YPreludeStatement
│   └── YProcessStatement
├── statements
│   ├── jumps
│   │   ├── YJumpLabel
│   │   └── YJumpStatement
│   ├── YBranchingStatement
│   ├── YCompoundStatement
│   ├── YLinearStatement
│   ├── YStatement
│   ├── YUnlabeledStatement
│   ├── YVariableDeclarationStatement
│   └── YWhileLoopStatement
├── types
│   ├── YMethodSignature
│   └── YType
├── YEntity
└── YSyntaxTree